<?xml version="1.0" encoding="UTF-8"?>
<!-- Generated by org.testng.reporters.JUnitReportReporter -->
<testsuite hostname="BMC-3XNS7X1" name="jdbcAutomation.verifyQuery" tests="1" failures="0" timestamp="9 Jul 2015 12:42:54 GMT" time="0.560" errors="0">
  <testcase name="f" time="0.560" classname="jdbcAutomation.verifyQuery"/>
</testsuite> <!-- jdbcAutomation.verifyQuery -->
